Arguments: 
  /usr/local/Cellar/node/16.5.0/bin/node /usr/local/Cellar/yarn/1.22.10/libexec/bin/yarn.js add Jest

PATH: 
  /Users/yamazakikazuki/opt/anaconda3/bin:/Users/yamazakikazuki/opt/anaconda3/condabin:/Library/Frameworks/Python.framework/Versions/3.9/bin:/usr/local/bin:/usr/bin:/bin:/usr/sbin:/sbin:/usr/local/share/dotnet:~/.dotnet/tools:/Library/Frameworks/Mono.framework/Versions/Current/Commands:/Users/yamazakikazuki/Library/Android/sdk/platform-tools:/Users/yamazakikazuki/Library/Android/sdk/build-tools/30.0.2

Yarn version: 
  1.22.10

Node version: 
  16.5.0

Platform: 
  darwin x64

Trace: 
  Error: https://registry.yarnpkg.com/Jest: Not found
      at Request.params.callback [as _callback] (/usr/local/Cellar/yarn/1.22.10/libexec/lib/cli.js:66988:18)
      at Request.self.callback (/usr/local/Cellar/yarn/1.22.10/libexec/lib/cli.js:140749:22)
      at Request.emit (node:events:394:28)
      at Request.<anonymous> (/usr/local/Cellar/yarn/1.22.10/libexec/lib/cli.js:141721:10)
      at Request.emit (node:events:394:28)
      at IncomingMessage.<anonymous> (/usr/local/Cellar/yarn/1.22.10/libexec/lib/cli.js:141643:12)
      at Object.onceWrapper (node:events:513:28)
      at IncomingMessage.emit (node:events:406:35)
      at endReadableNT (node:internal/streams/readable:1331:12)
      at processTicksAndRejections (node:internal/process/task_queues:83:21)

npm manifest: 
  {
      "name":"circleci-javascript-example",
      "author":"zaraki <any@gmail.com>",
      "license":"MIT",
      "scripts":{
          "test": "jest"
      },
      "devDependencies": {
          "jest":"27.0.6"
      }        
  }

yarn manifest: 
  No manifest

Lockfile: 
  No lockfile
